<?xml version="1.0" encoding="UTF-8" ?>
<testsuite errors="0" failures="0" hostname="Ludvik-PC" name="processing.ProcessPayementTest" skipped="0" tests="1" time="0.117" timestamp="2016-04-24T18:06:37">
  <properties>
    <property name="java.vendor" value="Oracle Corporation" />
    <property name="lib.dir" value="C:\Users\Ludvik\git\payementTracker\PayementTracker\lib" />
    <property name="sun.java.launcher" value="SUN_STANDARD" />
    <property name="eclipse.pdebuild.templates" value="/C:/Users/Ludvik/eclipse/jee-mars/eclipse/../../../.p2/pool/plugins/org.eclipse.pde.build_3.9.100.v20150521-1524/templates/" />
    <property name="sun.management.compiler" value="HotSpot 64-Bit Tiered Compilers" />
    <property name="os.name" value="Windows 7" />
    <property name="sun.boot.class.path" value="C:\Program Files\Java\jre7\lib\resources.jar;C:\Program Files\Java\jre7\lib\rt.jar;C:\Program Files\Java\jre7\lib\sunrsasign.jar;C:\Program Files\Java\jre7\lib\jsse.jar;C:\Program Files\Java\jre7\lib\jce.jar;C:\Program Files\Java\jre7\lib\charsets.jar;C:\Program Files\Java\jre7\lib\jfr.jar;C:\Program Files\Java\jre7\classes" />
    <property name="sun.desktop" value="windows" />
    <property name="java.vm.specification.vendor" value="Oracle Corporation" />
    <property name="ant.home" value="C:\Users\Ludvik\.p2\pool\plugins\org.apache.ant_1.9.4.v201504302020" />
    <property name="java.runtime.version" value="1.7.0_80-b15" />
    <property name="user.name" value="Ludvik" />
    <property name="build.dir" value="C:\Users\Ludvik\git\payementTracker\PayementTracker\build" />
    <property name="user.language" value="cs" />
    <property name="test.report.dir" value="C:\Users\Ludvik\git\payementTracker\PayementTracker\testreport" />
    <property name="sun.boot.library.path" value="C:\Program Files\Java\jre7\bin" />
    <property name="java.version" value="1.7.0_80" />
    <property name="user.timezone" value="" />
    <property name="sun.arch.data.model" value="64" />
    <property name="java.endorsed.dirs" value="C:\Program Files\Java\jre7\lib\endorsed" />
    <property name="sun.cpu.isalist" value="amd64" />
    <property name="sun.jnu.encoding" value="Cp1250" />
    <property name="file.encoding.pkg" value="sun.io" />
    <property name="file.separator" value="\" />
    <property name="java.specification.name" value="Java Platform API Specification" />
    <property name="java.class.version" value="51.0" />
    <property name="build.classes.dir" value="C:\Users\Ludvik\git\payementTracker\PayementTracker\build\classes" />
    <property name="user.country" value="CZ" />
    <property name="java.home" value="C:\Program Files\Java\jre7" />
    <property name="java.vm.info" value="mixed mode" />
    <property name="ant.file" value="C:\Users\Ludvik\git\payementTracker\PayementTracker\build.xml" />
    <property name="os.version" value="6.1" />
    <property name="path.separator" value=";" />
    <property name="java.vm.version" value="24.80-b11" />
    <property name="user.variant" value="" />
    <property name="ant.library.dir" value="C:\Users\Ludvik\.p2\pool\plugins\org.apache.ant_1.9.4.v201504302020\lib" />
    <property name="java.awt.printerjob" value="sun.awt.windows.WPrinterJob" />
    <property name="sun.io.unicode.encoding" value="UnicodeLittle" />
    <property name="awt.toolkit" value="sun.awt.windows.WToolkit" />
    <property name="user.script" value="" />
    <property name="build.jar.dir" value="C:\Users\Ludvik\git\payementTracker\PayementTracker\build\jar" />
    <property name="eclipse.pdebuild.scripts" value="/C:/Users/Ludvik/eclipse/jee-mars/eclipse/../../../.p2/pool/plugins/org.eclipse.pde.build_3.9.100.v20150521-1524/scripts/" />
    <property name="user.home" value="C:\Users\Ludvik" />
    <property name="java.specification.vendor" value="Oracle Corporation" />
    <property name="test.dir" value="C:\Users\Ludvik\git\payementTracker\PayementTracker\test" />
    <property name="java.library.path" value="C:\Program Files\Java\jre7\bin;C:\Windows\Sun\Java\bin;C:\Windows\system32;C:\Windows;C:\oraclexe\app\oracle\product\11.2.0\server\bin;C:\ProgramData\Oracle\Java\javapath;C:\Windows\system32;C:\Windows;C:\Windows\System32\Wbem;C:\Windows\System32\WindowsPowerShell\v1.0\;C:\Program Files (x86)\EgisTec MyWinLocker\x86;C:\Program Files\WIDCOMM\Bluetooth Software\;C:\Program Files\WIDCOMM\Bluetooth Software\syswow64;C:\cygwin\bin;C:\Program File;C:\Program Files\MATLAB\R2012b\runtime\win64;C:\Program Files\MATLAB\R2012b\bin;C:\Program Files\MySQL\mysql\bin;C:\java\jdk\bin;C:\java\ant\bin;C:\Program Files (x86)\Skype\Phone\;C:\db\derby-10.12.1.1\bin\;C:\Program Files\maven-3.3.9\bin\;C:\Program Files (x86)\scala\bin;C:\Windows\system32;C:\Windows;C:\Windows\System32\Wbem;C:\Windows\System32\WindowsPowerShell\v1.0\;C:\Program Files\WIDCOMM\Bluetooth Software\;C:\Program Files\WIDCOMM\Bluetooth Software\syswow64;C:\cygwin\bin;JAVA_HOME\bin;;." />
    <property name="java.vendor.url" value="http://java.oracle.com/" />
    <property name="java.vm.vendor" value="Oracle Corporation" />
    <property name="java.runtime.name" value="Java(TM) SE Runtime Environment" />
    <property name="sun.java.command" value="org.apache.tools.ant.taskdefs.optional.junit.JUnitTestRunner processing.ProcessPayementTest skipNonTests=false filtertrace=true haltOnError=false haltOnFailure=true formatter=org.apache.tools.ant.taskdefs.optional.junit.SummaryJUnitResultFormatter showoutput=false outputtoformatters=true logfailedtests=true threadid=0 logtestlistenerevents=false formatter=org.apache.tools.ant.taskdefs.optional.junit.XMLJUnitResultFormatter,C:\Users\Ludvik\git\payementTracker\PayementTracker\testreport\TEST-processing.ProcessPayementTest.xml crashfile=C:\Users\Ludvik\git\payementTracker\PayementTracker\junitvmwatcher6154664487071881205.properties propsfile=C:\Users\Ludvik\git\payementTracker\PayementTracker\junit3756806308387845951.properties" />
    <property name="java.class.path" value="C:\Users\Ludvik\git\payementTracker\PayementTracker\lib\junit.jar;C:\Users\Ludvik\git\payementTracker\PayementTracker\lib\hamcrest-core-1.3.jar;C:\Users\Ludvik\git\payementTracker\PayementTracker\build\classes;C:\Users\Ludvik\git\payementTracker\PayementTracker\build\tests;C:\Program Files\Java\jdk1.8.0_65\bin;C:\Users\Ludvik\.p2\pool\plugins\org.apache.ant_1.9.4.v201504302020\lib\ant-launcher.jar;C:\Users\Ludvik\.p2\pool\plugins\org.apache.ant_1.9.4.v201504302020\lib\ant.jar;C:\Users\Ludvik\.p2\pool\plugins\org.apache.ant_1.9.4.v201504302020\lib\ant-junit.jar;C:\Users\Ludvik\.p2\pool\plugins\org.apache.ant_1.9.4.v201504302020\lib\ant-junit4.jar" />
    <property name="ant.version" value="Apache Ant(TM) version 1.9.4 compiled on April 29 2014" />
    <property name="java.vm.specification.name" value="Java Virtual Machine Specification" />
    <property name="java.vm.specification.version" value="1.7" />
    <property name="sun.cpu.endian" value="little" />
    <property name="sun.os.patch.level" value="Service Pack 1" />
    <property name="eclipse.pdebuild.home" value="/C:/Users/Ludvik/eclipse/jee-mars/eclipse/../../../.p2/pool/plugins/org.eclipse.pde.build_3.9.100.v20150521-1524/./" />
    <property name="java.io.tmpdir" value="C:\Users\Ludvik\AppData\Local\Temp\" />
    <property name="java.vendor.url.bug" value="http://bugreport.sun.com/bugreport/" />
    <property name="os.arch" value="amd64" />
    <property name="java.awt.graphicsenv" value="sun.awt.Win32GraphicsEnvironment" />
    <property name="java.ext.dirs" value="C:\Program Files\Java\jre7\lib\ext;C:\Windows\Sun\Java\lib\ext" />
    <property name="user.dir" value="C:\Users\Ludvik\git\payementTracker\PayementTracker" />
    <property name="build.test.dir" value="C:\Users\Ludvik\git\payementTracker\PayementTracker\build\tests" />
    <property name="line.separator" value="&#xd;&#xa;" />
    <property name="java.vm.name" value="Java HotSpot(TM) 64-Bit Server VM" />
    <property name="basedir" value="C:\Users\Ludvik\git\payementTracker\PayementTracker" />
    <property name="ant.java.version" value="1.7" />
    <property name="ant.core.lib" value="C:\Users\Ludvik\.p2\pool\plugins\org.apache.ant_1.9.4.v201504302020\lib\ant.jar" />
    <property name="file.encoding" value="Cp1250" />
    <property name="java.specification.version" value="1.7" />
    <property name="src.dir" value="C:\Users\Ludvik\git\payementTracker\PayementTracker\src" />
    <property name="ant.project.invoked-targets" value="clean,compile,junit,jar" />
  </properties>
  <testcase classname="processing.ProcessPayementTest" name="testGetPayements" time="0.002" />
  <system-out><![CDATA[]]></system-out>
  <system-err><![CDATA[]]></system-err>
</testsuite>
